20120703	220430	Olá, olá, olá Geeks!
20120703	54025	No podcast de hoje Tato e Prof. Maury reúnem Hiro,Marcelo Salgado (Cumê Camão) e Joh (Descontrole Podcast) para filosofar e soltar todas suas opiniões sobre a Ditadura Digital. O que é que está pegando de verdade com a SOPA, PIPA e a Lei Azeredo (AI-5 digital)? A internet está fora de controle? Está rolando uma Ditadura Digital? Vão cortar meu Facebook? Nesse episódio: Onde começou tudo, qual o medo de quem centraliza o poder, citações de Camões, conheça a conspiração da batata e descubra qual seu papel nessa revolução!
20120703	54025	AMANHÃ SAI A PARTE 2! FIQUEM LIGADOS!!! ;D
20120703	54025	LINKS CITADOS NO PODCAST
20120703	54025	ID_PRODUCTION=74519
20120703	54025	Loja Cavalaria Geek
20120703	54025	Desencontro 2012 (de 29/03 a 31/03)
20120703	54025	Nerdcast 295 – SOPA, PIPA, ACTA… PQP!
20120703	54025	GuanaCast 99 – Tudo sobre SOPA, PIPA e ACTA
20120703	220430	WeRgeeks Episódio 42 – Wikileaks
20120703	220430	Diagrama Paul Baran
20120703	220430	GALERA DO WERGEEKS NO TWITTER
20120703	220430	WeRgeeks – @weRgeeks
20120703	220430	Tato – @ftarcan
20120703	220430	Prof.Maury – @profmaury
20120703	220430	ASSINE O WERGEEKS NO ITUNES
20120703	220430	Dentro do iTunes abra o menu ADVANCED >> SUBSCRIBE TO PODCAST e quando abrir a janela, insira este endereço http://feeds.feedburner.com/wergeeks/podcast
20120703	220430	OUÇA AGORA

----------------------------------------------nova produção carregada-------------------

20120703	220430	Olá, olá, olá Geeks!
20120703	54025	No podcast de hoje Tato e Prof. Maury reúnem Hiro,Marcelo Salgado (Cumê Camão) e Joh (Descontrole Podcast) para filosofar e soltar todas suas opiniões sobre a Ditadura Digital. O que é que está pegando de verdade com a SOPA, PIPA e a Lei Azeredo (AI-5 digital)? A internet está fora de controle? Está rolando uma Ditadura Digital? Vão cortar meu Facebook? Nesse episódio: Onde começou tudo, qual o medo de quem centraliza o poder, citações de Camões, conheça a conspiração da batata e descubra qual seu papel nessa revolução!
20120703	54025	AMANHÃ SAI A PARTE 2! FIQUEM LIGADOS!!! ;D
20120703	54025	LINKS CITADOS NO PODCAST
20120703	54025	ID_PRODUCTION=74526
20120703	54025	Loja Cavalaria Geek
20120703	54025	Desencontro 2012 (de 29/03 a 31/03)
20120703	54025	Nerdcast 295 – SOPA, PIPA, ACTA… PQP!
20120703	54025	GuanaCast 99 – Tudo sobre SOPA, PIPA e ACTA
20120703	220430	WeRgeeks Episódio 42 – Wikileaks
20120703	220430	Diagrama Paul Baran
20120703	220430	GALERA DO WERGEEKS NO TWITTER
20120703	220430	WeRgeeks – @weRgeeks
20120703	220430	Tato – @ftarcan
20120703	220430	Prof.Maury – @profmaury
20120703	220430	ASSINE O WERGEEKS NO ITUNES
20120703	220430	Dentro do iTunes abra o menu ADVANCED >> SUBSCRIBE TO PODCAST e quando abrir a janela, insira este endereço http://feeds.feedburner.com/wergeeks/podcast
20120703	220430	OUÇA AGORA

----------------------------------------------nova produção carregada-------------------

20120703	220430	Olá, olá, olá Geeks!
20120703	54025	No podcast de hoje Tato e Prof. Maury reúnem Hiro,Marcelo Salgado (Cumê Camão) e Joh (Descontrole Podcast) para filosofar e soltar todas suas opiniões sobre a Ditadura Digital. O que é que está pegando de verdade com a SOPA, PIPA e a Lei Azeredo (AI-5 digital)? A internet está fora de controle? Está rolando uma Ditadura Digital? Vão cortar meu Facebook? Nesse episódio: Onde começou tudo, qual o medo de quem centraliza o poder, citações de Camões, conheça a conspiração da batata e descubra qual seu papel nessa revolução!
20120703	54025	AMANHÃ SAI A PARTE 2! FIQUEM LIGADOS!!! ;D
20120703	54025	LINKS CITADOS NO PODCAST
20120703	54025	ID_PRODUCTION=74527
20120703	54025	Loja Cavalaria Geek
20120703	54025	Desencontro 2012 (de 29/03 a 31/03)
20120703	54025	Nerdcast 295 – SOPA, PIPA, ACTA… PQP!
20120703	54025	GuanaCast 99 – Tudo sobre SOPA, PIPA e ACTA
20120703	220430	WeRgeeks Episódio 42 – Wikileaks
20120703	220430	Diagrama Paul Baran
20120703	220430	GALERA DO WERGEEKS NO TWITTER
20120703	220430	WeRgeeks – @weRgeeks
20120703	220430	Tato – @ftarcan
20120703	220430	Prof.Maury – @profmaury
20120703	220430	ASSINE O WERGEEKS NO ITUNES
20120703	220430	Dentro do iTunes abra o menu ADVANCED >> SUBSCRIBE TO PODCAST e quando abrir a janela, insira este endereço http://feeds.feedburner.com/wergeeks/podcast
20120703	220430	OUÇA AGORA

----------------------------------------------nova produção carregada-------------------

20120703	220430	Olá, olá, olá Geeks!
20120703	54025	No podcast de hoje Tato e Prof. Maury reúnem Hiro,Marcelo Salgado (Cumê Camão) e Joh (Descontrole Podcast) para filosofar e soltar todas suas opiniões sobre a Ditadura Digital. O que é que está pegando de verdade com a SOPA, PIPA e a Lei Azeredo (AI-5 digital)? A internet está fora de controle? Está rolando uma Ditadura Digital? Vão cortar meu Facebook? Nesse episódio: Onde começou tudo, qual o medo de quem centraliza o poder, citações de Camões, conheça a conspiração da batata e descubra qual seu papel nessa revolução!
20120703	54025	AMANHÃ SAI A PARTE 2! FIQUEM LIGADOS!!! ;D
20120703	54025	LINKS CITADOS NO PODCAST
20120703	54025	ID_PRODUCTION=74521
20120703	54025	Loja Cavalaria Geek
20120703	54025	Desencontro 2012 (de 29/03 a 31/03)
20120703	54025	Nerdcast 295 – SOPA, PIPA, ACTA… PQP!
20120703	54025	GuanaCast 99 – Tudo sobre SOPA, PIPA e ACTA
20120703	220430	WeRgeeks Episódio 42 – Wikileaks
20120703	220430	Diagrama Paul Baran
20120703	220430	GALERA DO WERGEEKS NO TWITTER
20120703	220430	WeRgeeks – @weRgeeks
20120703	220430	Tato – @ftarcan
20120703	220430	Prof.Maury – @profmaury
20120703	220430	ASSINE O WERGEEKS NO ITUNES
20120703	220430	Dentro do iTunes abra o menu ADVANCED >> SUBSCRIBE TO PODCAST e quando abrir a janela, insira este endereço http://feeds.feedburner.com/wergeeks/podcast
20120703	220430	OUÇA AGORA

----------------------------------------------nova produção carregada-------------------

20120703	220430	Olá, olá, olá Geeks!
20120703	54025	No podcast de hoje Tato e Prof. Maury reúnem Hiro,Marcelo Salgado (Cumê Camão) e Joh (Descontrole Podcast) para filosofar e soltar todas suas opiniões sobre a Ditadura Digital. O que é que está pegando de verdade com a SOPA, PIPA e a Lei Azeredo (AI-5 digital)? A internet está fora de controle? Está rolando uma Ditadura Digital? Vão cortar meu Facebook? Nesse episódio: Onde começou tudo, qual o medo de quem centraliza o poder, citações de Camões, conheça a conspiração da batata e descubra qual seu papel nessa revolução!
20120703	54025	AMANHÃ SAI A PARTE 2! FIQUEM LIGADOS!!! ;D
20120703	54025	LINKS CITADOS NO PODCAST
20120703	54025	ID_PRODUCTION=74525
20120703	54025	Loja Cavalaria Geek
20120703	54025	Desencontro 2012 (de 29/03 a 31/03)
20120703	54025	Nerdcast 295 – SOPA, PIPA, ACTA… PQP!
20120703	54025	GuanaCast 99 – Tudo sobre SOPA, PIPA e ACTA
20120703	220430	WeRgeeks Episódio 42 – Wikileaks
20120703	220430	Diagrama Paul Baran
20120703	220430	GALERA DO WERGEEKS NO TWITTER
20120703	220430	WeRgeeks – @weRgeeks
20120703	220430	Tato – @ftarcan
20120703	220430	Prof.Maury – @profmaury
20120703	220430	ASSINE O WERGEEKS NO ITUNES
20120703	220430	Dentro do iTunes abra o menu ADVANCED >> SUBSCRIBE TO PODCAST e quando abrir a janela, insira este endereço http://feeds.feedburner.com/wergeeks/podcast
20120703	220430	OUÇA AGORA

----------------------------------------------nova produção carregada-------------------

20120703	220430	Olá, olá, olá Geeks!
20120703	54025	No podcast de hoje Tato e Prof. Maury reúnem Hiro,Marcelo Salgado (Cumê Camão) e Joh (Descontrole Podcast) para filosofar e soltar todas suas opiniões sobre a Ditadura Digital. O que é que está pegando de verdade com a SOPA, PIPA e a Lei Azeredo (AI-5 digital)? A internet está fora de controle? Está rolando uma Ditadura Digital? Vão cortar meu Facebook? Nesse episódio: Onde começou tudo, qual o medo de quem centraliza o poder, citações de Camões, conheça a conspiração da batata e descubra qual seu papel nessa revolução!
20120703	54025	AMANHÃ SAI A PARTE 2! FIQUEM LIGADOS!!! ;D
20120703	54025	LINKS CITADOS NO PODCAST
20120703	54025	ID_PRODUCTION=74518
20120703	54025	Loja Cavalaria Geek
20120703	54025	Desencontro 2012 (de 29/03 a 31/03)
20120703	54025	Nerdcast 295 – SOPA, PIPA, ACTA… PQP!
20120703	54025	GuanaCast 99 – Tudo sobre SOPA, PIPA e ACTA
20120703	220430	WeRgeeks Episódio 42 – Wikileaks
20120703	220430	Diagrama Paul Baran
20120703	220430	GALERA DO WERGEEKS NO TWITTER
20120703	220430	WeRgeeks – @weRgeeks
20120703	220430	Tato – @ftarcan
20120703	220430	Prof.Maury – @profmaury
20120703	220430	ASSINE O WERGEEKS NO ITUNES
20120703	220430	Dentro do iTunes abra o menu ADVANCED >> SUBSCRIBE TO PODCAST e quando abrir a janela, insira este endereço http://feeds.feedburner.com/wergeeks/podcast
20120703	220430	OUÇA AGORA

----------------------------------------------nova produção carregada-------------------

